D:\USERS\SENSE\DOCUMENTS\VISUAL STUDIO 2010\PROJECTS\3.1_DEMO\3.1_DEMO\DEBUG\3.1_DEMO.EXE.INTERMEDIATE.MANIFEST
D:\USERS\SENSE\DOCUMENTS\VISUAL STUDIO 2010\PROJECTS\3.1_DEMO\3.1_DEMO\DEBUG\3.1_DEMO.OBJ
D:\Users\sense\documents\visual studio 2010\Projects\3.1_demo\3.1_demo\Debug\3.1_demo.vcxprojResolveAssemblyReference.cache
D:\Users\sense\documents\visual studio 2010\Projects\3.1_demo\3.1_demo\Debug\3.1_demo.write.1.tlog
D:\USERS\SENSE\DOCUMENTS\VISUAL STUDIO 2010\PROJECTS\3.1_DEMO\3.1_DEMO\DEBUG\CJSON.OBJ
D:\Users\sense\documents\visual studio 2010\Projects\3.1_demo\3.1_demo\Debug\cl.command.1.tlog
D:\Users\sense\documents\visual studio 2010\Projects\3.1_demo\3.1_demo\Debug\CL.read.1.tlog
D:\Users\sense\documents\visual studio 2010\Projects\3.1_demo\3.1_demo\Debug\CL.write.1.tlog
D:\USERS\SENSE\DOCUMENTS\VISUAL STUDIO 2010\PROJECTS\3.1_DEMO\3.1_DEMO\DEBUG\COMMON.OBJ
D:\Users\sense\documents\visual studio 2010\Projects\3.1_demo\3.1_demo\Debug\link.command.1.tlog
D:\Users\sense\documents\visual studio 2010\Projects\3.1_demo\3.1_demo\Debug\link.read.1.tlog
D:\Users\sense\documents\visual studio 2010\Projects\3.1_demo\3.1_demo\Debug\link.write.1.tlog
D:\Users\sense\documents\visual studio 2010\Projects\3.1_demo\3.1_demo\Debug\mt.command.1.tlog
D:\Users\sense\documents\visual studio 2010\Projects\3.1_demo\3.1_demo\Debug\mt.read.1.tlog
D:\Users\sense\documents\visual studio 2010\Projects\3.1_demo\3.1_demo\Debug\mt.write.1.tlog
D:\Users\sense\documents\visual studio 2010\Projects\3.1_demo\3.1_demo\Debug\vc100.idb
D:\USERS\SENSE\DOCUMENTS\VISUAL STUDIO 2010\PROJECTS\3.1_DEMO\3.1_DEMO\DEBUG\VC100.PDB
D:\USERS\SENSE\DOCUMENTS\VISUAL STUDIO 2010\PROJECTS\3.1_DEMO\DEBUG\3.1_DEMO.EXE
D:\USERS\SENSE\DOCUMENTS\VISUAL STUDIO 2010\PROJECTS\3.1_DEMO\DEBUG\3.1_DEMO.ILK
D:\USERS\SENSE\DOCUMENTS\VISUAL STUDIO 2010\PROJECTS\3.1_DEMO\DEBUG\3.1_DEMO.PDB
