生成启动时间为 2020/12/24 17:17:41。
     1>项目“D:\Users\sense\documents\visual studio 2010\Projects\3.1_demo\3.1_demo\3.1_demo.vcxproj”在节点 2 上(build 个目标)。
     1>InitializeBuildStatus:
         正在创建“Debug\3.1_demo.unsuccessfulbuild”，因为已指定“AlwaysCreate”。
       ClCompile:
         D:\vs2010\VC\bin\CL.exe /c /I.\src /I.\lib /I.\include /I"D:\Program Files (x86)\Visual Leak Detector\include" /ZI /nologo /W3 /WX- /Od /Oy- /D _MBCS /Gm /EHsc /RTC1 /MTd /GS /fp:precise /Zc:wchar_t /Zc:forScope /Fo"Debug\\" /Fd"Debug\vc100.pdb" /Gd /TC /analyze- /errorReport:prompt src\3.1_demo.c
         3.1_demo.c
     1>d:\users\sense\documents\visual studio 2010\projects\3.1_demo\3.1_demo\src\3.1_demo.c(175): warning C4996: 'fopen': This function or variable may be unsafe. Consider using fopen_s instead. To disable deprecation, use _CRT_SECURE_NO_WARNINGS. See online help for details.
                 d:\vs2010\vc\include\stdio.h(234) : 参见“fopen”的声明
     1>d:\users\sense\documents\visual studio 2010\projects\3.1_demo\3.1_demo\src\3.1_demo.c(234): warning C4996: 'fopen': This function or variable may be unsafe. Consider using fopen_s instead. To disable deprecation, use _CRT_SECURE_NO_WARNINGS. See online help for details.
                 d:\vs2010\vc\include\stdio.h(234) : 参见“fopen”的声明
     1>d:\users\sense\documents\visual studio 2010\projects\3.1_demo\3.1_demo\src\3.1_demo.c(297): warning C4996: 'fopen': This function or variable may be unsafe. Consider using fopen_s instead. To disable deprecation, use _CRT_SECURE_NO_WARNINGS. See online help for details.
                 d:\vs2010\vc\include\stdio.h(234) : 参见“fopen”的声明
     1>d:\users\sense\documents\visual studio 2010\projects\3.1_demo\3.1_demo\src\3.1_demo.c(356): warning C4996: 'fopen': This function or variable may be unsafe. Consider using fopen_s instead. To disable deprecation, use _CRT_SECURE_NO_WARNINGS. See online help for details.
                 d:\vs2010\vc\include\stdio.h(234) : 参见“fopen”的声明
       Link:
         D:\vs2010\VC\bin\link.exe /ERRORREPORT:PROMPT /OUT:"D:\Users\sense\documents\visual studio 2010\Projects\3.1_demo\Debug\3.1_demo.exe" /NOLOGO /LIBPATH:../lib /LIBPATH:"D:\Program Files (x86)\Visual Leak Detector\lib\Win32" slm_runtime.lib libd2c.lib libx509.lib slm_control_api.lib slm_runtime_api_dev.lib SlcCrypt.lib vld.lib /MANIFEST /ManifestFile:"Debug\3.1_demo.exe.intermediate.manifest" /MANIFESTUAC:"level='asInvoker' uiAccess='false'" /DEBUG /PDB:"D:\Users\sense\documents\visual studio 2010\Projects\3.1_demo\Debug\3.1_demo.pdb" /SUBSYSTEM:CONSOLE /TLBID:1 /DYNAMICBASE /NXCOMPAT /IMPLIB:"D:\Users\sense\documents\visual studio 2010\Projects\3.1_demo\Debug\3.1_demo.lib" /MACHINE:X86 Debug\3.1_demo.obj
         Debug\cJSON.obj
         Debug\common.obj
         LINK : 没有找到 D:\Users\sense\documents\visual studio 2010\Projects\3.1_demo\Debug\3.1_demo.exe 或上一个增量链接没有生成它；正在执行完全链接
         3.1_demo.vcxproj -> D:\Users\sense\documents\visual studio 2010\Projects\3.1_demo\Debug\3.1_demo.exe
       Manifest:
         C:\Program Files (x86)\Microsoft SDKs\Windows\v7.0A\bin\mt.exe /nologo /verbose /outputresource:"D:\Users\sense\documents\visual studio 2010\Projects\3.1_demo\Debug\3.1_demo.exe;#1" /manifest Debug\3.1_demo.exe.intermediate.manifest D:\vs2010\VC\Include\Manifest\dpiaware.manifest
       FinalizeBuildStatus:
         正在删除文件“Debug\3.1_demo.unsuccessfulbuild”。
         正在对“Debug\3.1_demo.lastbuildstate”执行 Touch 任务。
     1>已完成生成项目“D:\Users\sense\documents\visual studio 2010\Projects\3.1_demo\3.1_demo\3.1_demo.vcxproj”(build 个目标)的操作。

生成成功。

已用时间 00:00:01.44
